0 info it worked if it ends with ok
1 verbose cli [ '/usr/bin/node', '/usr/bin/npm', 'start' ]
2 info using npm@3.10.3
3 info using node@v6.7.0
4 verbose run-script [ 'prestart', 'start', 'poststart' ]
5 info lifecycle TelEduc5@0.0.7~prestart: TelEduc5@0.0.7
6 silly lifecycle TelEduc5@0.0.7~prestart: no script for prestart, continuing
7 info lifecycle TelEduc5@0.0.7~start: TelEduc5@0.0.7
8 verbose lifecycle TelEduc5@0.0.7~start: unsafe-perm in lifecycle true
9 verbose lifecycle TelEduc5@0.0.7~start: PATH: /usr/lib/node_modules/npm/bin/node-gyp-bin:/home/gsouza/TelEduc5/client/node_modules/.bin:/usr/bin:/usr/local/bin:/usr/local/sbin:/usr/bin:/usr/sbin:/home/gsouza/.local/bin:/home/gsouza/bin
10 verbose lifecycle TelEduc5@0.0.7~start: CWD: /home/gsouza/TelEduc5/client
11 silly lifecycle TelEduc5@0.0.7~start: Args: [ '-c', 'tsc && concurrently "tsc -w" "lite-server" ' ]
12 silly lifecycle TelEduc5@0.0.7~start: Returned: code: 2  signal: null
13 info lifecycle TelEduc5@0.0.7~start: Failed to exec start script
14 verbose stack Error: TelEduc5@0.0.7 start: `tsc && concurrently "tsc -w" "lite-server" `
14 verbose stack Exit status 2
14 verbose stack     at EventEmitter.<anonymous> (/usr/lib/node_modules/npm/lib/utils/lifecycle.js:242:16)
14 verbose stack     at emitTwo (events.js:106:13)
14 verbose stack     at EventEmitter.emit (events.js:191:7)
14 verbose stack     at ChildProcess.<anonymous> (/usr/lib/node_modules/npm/lib/utils/spawn.js:40:14)
14 verbose stack     at emitTwo (events.js:106:13)
14 verbose stack     at ChildProcess.emit (events.js:191:7)
14 verbose stack     at maybeClose (internal/child_process.js:877:16)
14 verbose stack     at Process.ChildProcess._handle.onexit (internal/child_process.js:226:5)
15 verbose pkgid TelEduc5@0.0.7
16 verbose cwd /home/gsouza/TelEduc5/client
17 error Linux 4.7.3-100.fc23.x86_64
18 error argv "/usr/bin/node" "/usr/bin/npm" "start"
19 error node v6.7.0
20 error npm  v3.10.3
21 error code ELIFECYCLE
22 error TelEduc5@0.0.7 start: `tsc && concurrently "tsc -w" "lite-server" `
22 error Exit status 2
23 error Failed at the TelEduc5@0.0.7 start script 'tsc && concurrently "tsc -w" "lite-server" '.
23 error Make sure you have the latest version of node.js and npm installed.
23 error If you do, this is most likely a problem with the TelEduc5 package,
23 error not with npm itself.
23 error Tell the author that this fails on your system:
23 error     tsc && concurrently "tsc -w" "lite-server"
23 error You can get information on how to open an issue for this project with:
23 error     npm bugs TelEduc5
23 error Or if that isn't available, you can get their info via:
23 error     npm owner ls TelEduc5
23 error There is likely additional logging output above.
24 verbose exit [ 1, true ]
